  ConsoleApplication1.cpp
C:\Users\hgolh\Desktop\c++ level 2\ConsoleApplication1\ConsoleApplication1\ConsoleApplication1.cpp(2,10): warning C4067: unexpected tokens following preprocessor directive - expected a newline
C:\Users\hgolh\Desktop\c++ level 2\ConsoleApplication1\ConsoleApplication1\clsScreen.h(2,10): warning C4067: unexpected tokens following preprocessor directive - expected a newline
C:\Users\hgolh\Desktop\c++ level 2\ConsoleApplication1\ConsoleApplication1\clsString.h(40,21): warning C4267: 'return': conversion from 'size_t' to 'short', possible loss of data
C:\Users\hgolh\Desktop\c++ level 2\ConsoleApplication1\ConsoleApplication1\clsString.h(45,25): warning C4267: 'return': conversion from 'size_t' to 'short', possible loss of data
C:\Users\hgolh\Desktop\c++ level 2\ConsoleApplication1\ConsoleApplication1\clsString.h(57,26): warning C4267: '=': conversion from 'size_t' to 'short', possible loss of data
C:\Users\hgolh\Desktop\c++ level 2\ConsoleApplication1\ConsoleApplication1\clsString.h(194,23): warning C4267: 'return': conversion from 'size_t' to 'short', possible loss of data
C:\Users\hgolh\Desktop\c++ level 2\ConsoleApplication1\ConsoleApplication1\clsString.h(325,26): warning C4267: '=': conversion from 'size_t' to 'short', possible loss of data
C:\Users\hgolh\Desktop\c++ level 2\ConsoleApplication1\ConsoleApplication1\clsString.h(373,18): warning C4267: 'initializing': conversion from 'size_t' to 'short', possible loss of data
C:\Users\hgolh\Desktop\c++ level 2\ConsoleApplication1\ConsoleApplication1\SpliterLib.h(15,24): warning C4267: '=': conversion from 'size_t' to 'short', possible loss of data
C:\Users\hgolh\Desktop\c++ level 2\ConsoleApplication1\ConsoleApplication1\clsUser.h(188,3): warning C4240: nonstandard extension used: access to 'clsUser::stLogUsers' now defined to be 'public', previously it was defined to be 'private'
C:\Users\hgolh\Desktop\c++ level 2\ConsoleApplication1\ConsoleApplication1\clsUser.h(165,11): message : see declaration of 'clsUser::stLogUsers'
C:\Users\hgolh\Desktop\c++ level 2\ConsoleApplication1\ConsoleApplication1\clsMainScreen.h(4,10): warning C4067: unexpected tokens following preprocessor directive - expected a newline
C:\Users\hgolh\Desktop\c++ level 2\ConsoleApplication1\ConsoleApplication1\clsClientListScreen.h(4,10): warning C4067: unexpected tokens following preprocessor directive - expected a newline
C:\Users\hgolh\Desktop\c++ level 2\ConsoleApplication1\ConsoleApplication1\clsBankClient.h(218,3): warning C4240: nonstandard extension used: access to 'clsBankClient::stTrnsferLogRecord' now defined to be 'public', previously it was defined to be 'private'
C:\Users\hgolh\Desktop\c++ level 2\ConsoleApplication1\ConsoleApplication1\clsBankClient.h(176,11): message : see declaration of 'clsBankClient::stTrnsferLogRecord'
C:\Users\hgolh\Desktop\c++ level 2\ConsoleApplication1\ConsoleApplication1\clsBankClient.h(29,59): warning C4244: 'argument': conversion from 'double' to 'float', possible loss of data
C:\Users\hgolh\Desktop\c++ level 2\ConsoleApplication1\ConsoleApplication1\clsBankClient.h(186,36): warning C4244: '=': conversion from 'double' to 'float', possible loss of data
C:\Users\hgolh\Desktop\c++ level 2\ConsoleApplication1\ConsoleApplication1\clsBankClient.h(187,45): warning C4244: '=': conversion from 'double' to 'float', possible loss of data
C:\Users\hgolh\Desktop\c++ level 2\ConsoleApplication1\ConsoleApplication1\clsBankClient.h(188,46): warning C4244: '=': conversion from 'double' to 'float', possible loss of data
C:\Users\hgolh\Desktop\c++ level 2\ConsoleApplication1\ConsoleApplication1\clsBankClient.h(416,24): warning C4244: '+=': conversion from 'double' to 'float', possible loss of data
C:\Users\hgolh\Desktop\c++ level 2\ConsoleApplication1\ConsoleApplication1\clsBankClient.h(426,24): warning C4244: '-=': conversion from 'double' to 'float', possible loss of data
C:\Users\hgolh\Desktop\c++ level 2\ConsoleApplication1\ConsoleApplication1\clsInputValidate.h(112,16): warning C4244: 'initializing': conversion from 'double' to 'float', possible loss of data
C:\Users\hgolh\Desktop\c++ level 2\ConsoleApplication1\ConsoleApplication1\clsInputValidate.h(116,26): warning C4244: '=': conversion from 'double' to 'float', possible loss of data
C:\Users\hgolh\Desktop\c++ level 2\ConsoleApplication1\ConsoleApplication1\clsMainScreen.h(6,10): warning C4067: unexpected tokens following preprocessor directive - expected a newline
C:\Users\hgolh\Desktop\c++ level 2\ConsoleApplication1\ConsoleApplication1\clsAddNewClientScreen.h(30,62): warning C4244: 'argument': conversion from 'double' to 'float', possible loss of data
C:\Users\hgolh\Desktop\c++ level 2\ConsoleApplication1\ConsoleApplication1\clsMainScreen.h(7,10): warning C4067: unexpected tokens following preprocessor directive - expected a newline
C:\Users\hgolh\Desktop\c++ level 2\ConsoleApplication1\ConsoleApplication1\clsUpdateClientScreen.h(3,10): warning C4067: unexpected tokens following preprocessor directive - expected a newline
C:\Users\hgolh\Desktop\c++ level 2\ConsoleApplication1\ConsoleApplication1\clsUpdateClientScreen.h(4,10): warning C4067: unexpected tokens following preprocessor directive - expected a newline
C:\Users\hgolh\Desktop\c++ level 2\ConsoleApplication1\ConsoleApplication1\clsUpdateClientScreen.h(5,10): warning C4067: unexpected tokens following preprocessor directive - expected a newline
C:\Users\hgolh\Desktop\c++ level 2\ConsoleApplication1\ConsoleApplication1\clsUpdateClientScreen.h(63,15): warning C4129: 'E': unrecognized character escape sequence
C:\Users\hgolh\Desktop\c++ level 2\ConsoleApplication1\ConsoleApplication1\clsUpdateClientScreen.h(87,15): warning C4129: 'E': unrecognized character escape sequence
C:\Users\hgolh\Desktop\c++ level 2\ConsoleApplication1\ConsoleApplication1\clsUpdateClientScreen.h(29,62): warning C4244: 'argument': conversion from 'double' to 'float', possible loss of data
C:\Users\hgolh\Desktop\c++ level 2\ConsoleApplication1\ConsoleApplication1\clsMainScreen.h(8,10): warning C4067: unexpected tokens following preprocessor directive - expected a newline
C:\Users\hgolh\Desktop\c++ level 2\ConsoleApplication1\ConsoleApplication1\clsFindClientScreen.h(3,10): warning C4067: unexpected tokens following preprocessor directive - expected a newline
C:\Users\hgolh\Desktop\c++ level 2\ConsoleApplication1\ConsoleApplication1\clsFindClientScreen.h(4,10): warning C4067: unexpected tokens following preprocessor directive - expected a newline
C:\Users\hgolh\Desktop\c++ level 2\ConsoleApplication1\ConsoleApplication1\clsMainScreen.h(9,10): warning C4067: unexpected tokens following preprocessor directive - expected a newline
C:\Users\hgolh\Desktop\c++ level 2\ConsoleApplication1\ConsoleApplication1\clsDepositScreen.h(2,10): warning C4067: unexpected tokens following preprocessor directive - expected a newline
C:\Users\hgolh\Desktop\c++ level 2\ConsoleApplication1\ConsoleApplication1\clsDepositScreen.h(47,52): warning C4244: '=': conversion from 'double' to 'float', possible loss of data
C:\Users\hgolh\Desktop\c++ level 2\ConsoleApplication1\ConsoleApplication1\clsShowWithdrawScreen.h(5,10): warning C4067: unexpected tokens following preprocessor directive - expected a newline
C:\Users\hgolh\Desktop\c++ level 2\ConsoleApplication1\ConsoleApplication1\clsShowWithdrawScreen.h(47,55): warning C4244: '=': conversion from 'double' to 'float', possible loss of data
C:\Users\hgolh\Desktop\c++ level 2\ConsoleApplication1\ConsoleApplication1\clsUtil.h(64,3): warning C4102: 'defualt': unreferenced label
C:\Users\hgolh\Desktop\c++ level 2\ConsoleApplication1\ConsoleApplication1\clsTotalBalancesScreen.h(57,78): warning C4244: 'argument': conversion from 'double' to 'int', possible loss of data
C:\Users\hgolh\Desktop\c++ level 2\ConsoleApplication1\ConsoleApplication1\clsTransferScreen.h(84,13): warning C4129: ' ': unrecognized character escape sequence
C:\Users\hgolh\Desktop\c++ level 2\ConsoleApplication1\ConsoleApplication1\clsTransferScreen.h(40,45): warning C4244: '=': conversion from 'double' to 'float', possible loss of data
C:\Users\hgolh\Desktop\c++ level 2\ConsoleApplication1\ConsoleApplication1\clsTransferScreen.h(45,46): warning C4244: '=': conversion from 'double' to 'float', possible loss of data
C:\Users\hgolh\Desktop\c++ level 2\ConsoleApplication1\ConsoleApplication1\clsMainScreen.h(10,10): warning C4067: unexpected tokens following preprocessor directive - expected a newline
C:\Users\hgolh\Desktop\c++ level 2\ConsoleApplication1\ConsoleApplication1\clsMainScreen.h(11,10): warning C4067: unexpected tokens following preprocessor directive - expected a newline
C:\Users\hgolh\Desktop\c++ level 2\ConsoleApplication1\ConsoleApplication1\clsDeleteClientScreen.h(3,10): warning C4067: unexpected tokens following preprocessor directive - expected a newline
C:\Users\hgolh\Desktop\c++ level 2\ConsoleApplication1\ConsoleApplication1\clsCurrency.h(27,11): warning C4244: 'argument': conversion from 'double' to 'float', possible loss of data
C:\Users\hgolh\Desktop\c++ level 2\ConsoleApplication1\ConsoleApplication1\clsUpdateCurrencyRateScreen.h(17,48): warning C4244: '=': conversion from 'double' to 'float', possible loss of data
C:\Users\hgolh\Desktop\c++ level 2\ConsoleApplication1\ConsoleApplication1\clsCurrencyCalculatorScreen.h(17,47): warning C4244: '=': conversion from 'double' to 'float', possible loss of data
C:\Users\hgolh\Desktop\c++ level 2\ConsoleApplication1\ConsoleApplication1\ConsoleApplication1.cpp(3,10): warning C4067: unexpected tokens following preprocessor directive - expected a newline
C:\Users\hgolh\Desktop\c++ level 2\ConsoleApplication1\ConsoleApplication1\ConsoleApplication1.cpp(4,10): warning C4067: unexpected tokens following preprocessor directive - expected a newline
C:\Users\hgolh\Desktop\c++ level 2\ConsoleApplication1\ConsoleApplication1\clsBankClient.h(371): warning C4715: 'clsBankClient::Save': not all control paths return a value
C:\Users\hgolh\Desktop\c++ level 2\ConsoleApplication1\ConsoleApplication1\clsBankClient.h(430): warning C4715: 'clsBankClient::Withdraw': not all control paths return a value
C:\Users\hgolh\Desktop\c++ level 2\ConsoleApplication1\ConsoleApplication1\clsUser.h(344): warning C4715: 'clsUser::Save': not all control paths return a value
  ConsoleApplication1.vcxproj -> C:\Users\hgolh\Desktop\c++ level 2\ConsoleApplication1\x64\Debug\ConsoleApplication1.exe
